#
# A fatal error has been detected by the Java Runtime Environment:
#
#  EXCEPTION_ACCESS_VIOLATION (0xc0000005) at pc=0x0000000064e074a2, pid=6900, tid=0x0000000000001570
#
# JRE version: Java(TM) SE Runtime Environment (8.0_201-b09) (build 1.8.0_201-b09)
# Java VM: Java HotSpot(TM) 64-Bit Server VM (25.201-b09 mixed mode windows-amd64 compressed oops)
# Problematic frame:
# V  [jvm.dll+0x774a2]
#
# Failed to write core dump. Minidumps are not enabled by default on client versions of Windows
#
# If you would like to submit a bug report, please visit:
#   http://bugreport.java.com/bugreport/crash.jsp
#

---------------  T H R E A D  ---------------

Current thread (0x00000000194c8800):  JavaThread "http-nio-8080-exec-2" daemon [_thread_in_vm, id=5488, stack(0x000000001fde0000,0x000000001fee0000)]

siginfo: ExceptionCode=0xc0000005, reading address 0xffffffffffffffff

Registers:
RAX=0x0000000002463080, RBX=0x0067006e00690072, RCX=0x000000000245fcd0, RDX=0x00000000000012dc
RSP=0x000000001fedcca0, RBP=0x0000000003d88064, RSI=0x00000000194c8800, RDI=0x0000000000000005
R8 =0x0000000018b5929b, R9 =0x0000000000000013, R10=0x0000000064d90000, R11=0x0000000100001ef8
R12=0x0000000000000013, R13=0x0000000018b5929b, R14=0x000000000245fcd0, R15=0x000000001931a4e0
RIP=0x0000000064e074a2, EFLAGS=0x0000000000010206

Top of Stack: (sp=0x000000001fedcca0)
0x000000001fedcca0:   00000000194c8800 0000000064fc78d3
0x000000001fedccb0:   0000000016790480 00000000194c8800
0x000000001fedccc0:   00000000194c8800 00000000194c8800
0x000000001fedccd0:   000000001fedcf98 0000000064e08ce1
0x000000001fedcce0:   0000000018b5929b 0000000000000013
0x000000001fedccf0:   00000000194c8800 0000000003d88064
0x000000001fedcd00:   0000000103d88064 000000001e35d640
0x000000001fedcd10:   0000000100000f28 0000000000000000
0x000000001fedcd20:   00000000000012dc 00000000194c8800
0x000000001fedcd30:   00005671425ae160 00000000194c8800
0x000000001fedcd40:   0000000000000000 0000000064ebb66c
0x000000001fedcd50:   000000001f9ce770 00000000194c8800
0x000000001fedcd60:   0000000016790480 00000000000000b7
0x000000001fedcd70:   0000000065379f18 000000000248e520
0x000000001fedcd80:   0000000000000003 000000000000000e
0x000000001fedcd90:   000000001fed0000 0000000064e54c97 

Instructions: (pc=0x0000000064e074a2)
0x0000000064e07482:   48 63 d2 33 ff 48 8b 1c d0 45 8b e1 4d 8b e8 4c
0x0000000064e07492:   8b f1 48 85 db 74 4a 8b 6c 24 60 0f 1f 00 ff c7
0x0000000064e074a2:   39 2b 75 16 48 8b 73 10 45 8b c4 49 8b d5 48 8b
0x0000000064e074b2:   ce e8 68 4b 0c 00 84 c0 75 48 48 8b 5b 08 48 83 


Register to memory mapping:

RAX=0x0000000002463080 is an unknown value
RBX=0x0067006e00690072 is an unknown value
RCX=0x000000000245fcd0 is an unknown value
RDX=0x00000000000012dc is an unknown value
RSP=0x000000001fedcca0 is pointing into the stack for thread: 0x00000000194c8800
RBP=0x0000000003d88064 is an unknown value
RSI=0x00000000194c8800 is a thread
RDI=0x0000000000000005 is an unknown value
R8 =0x0000000018b5929b is an unknown value
R9 =0x0000000000000013 is an unknown value
R10=0x0000000064d90000 is an unknown value
R11=0x0000000100001ef8 is pointing into metadata
R12=0x0000000000000013 is an unknown value
R13=0x0000000018b5929b is an unknown value
R14=0x000000000245fcd0 is an unknown value
R15=0x000000001931a4e0 is an unknown value


Stack: [0x000000001fde0000,0x000000001fee0000],  sp=0x000000001fedcca0,  free space=1011k
Native frames: (J=compiled Java code, j=interpreted, Vv=VM code, C=native code)
V  [jvm.dll+0x774a2]
V  [jvm.dll+0x78ce1]
V  [jvm.dll+0x2388dc]
V  [jvm.dll+0x224920]
V  [jvm.dll+0x226ffc]
V  [jvm.dll+0x227171]
V  [jvm.dll+0x19ceb4]
V  [jvm.dll+0x19d1c6]
C  0x00000000029cd8bd

Java frames: (J=compiled Java code, j=interpreted, Vv=VM code)
J 2217  java.lang.Class.getDeclaredMethods0(Z)[Ljava/lang/reflect/Method; (0 bytes) @ 0x00000000029cd83b [0x00000000029cd800+0x3b]
J 931 C1 java.lang.Class.privateGetDeclaredMethods(Z)[Ljava/lang/reflect/Method; (67 bytes) @ 0x00000000027d0b84 [0x00000000027d0a80+0x104]
J 2569 C1 java.lang.Class.privateGetPublicMethods()[Ljava/lang/reflect/Method; (267 bytes) @ 0x0000000002a83164 [0x0000000002a83040+0x124]
J 2670 C1 java.lang.Class.getMethods()[Ljava/lang/reflect/Method; (17 bytes) @ 0x0000000002ab31c4 [0x0000000002ab3160+0x64]
j  org.springframework.beans.ExtendedBeanInfoFactory.supports(Ljava/lang/Class;)Z+1
j  org.springframework.beans.ExtendedBeanInfoFactory.getBeanInfo(Ljava/lang/Class;)Ljava/beans/BeanInfo;+2
j  org.springframework.beans.CachedIntrospectionResults.getBeanInfo(Ljava/lang/Class;)Ljava/beans/BeanInfo;+30
j  org.springframework.beans.CachedIntrospectionResults.<init>(Ljava/lang/Class;)V+52
j  org.springframework.beans.CachedIntrospectionResults.forClass(Ljava/lang/Class;)Lorg/springframework/beans/CachedIntrospectionResults;+43
J 6467 C1 org.springframework.beans.BeanWrapperImpl.getCachedIntrospectionResults()Lorg/springframework/beans/CachedIntrospectionResults; (23 bytes) @ 0x00000000030adafc [0x00000000030ada80+0x7c]
j  org.springframework.beans.BeanWrapperImpl.getLocalPropertyHandler(Ljava/lang/String;)Lorg/springframework/beans/BeanWrapperImpl$BeanPropertyHandler;+1
j  org.springframework.beans.BeanWrapperImpl.getLocalPropertyHandler(Ljava/lang/String;)Lorg/springframework/beans/AbstractNestablePropertyAccessor$PropertyHandler;+2
j  org.springframework.beans.AbstractNestablePropertyAccessor.processLocalProperty(Lorg/springframework/beans/AbstractNestablePropertyAccessor$PropertyTokenHolder;Lorg/springframework/beans/PropertyValue;)V+5
j  org.springframework.beans.AbstractNestablePropertyAccessor.setPropertyValue(Lorg/springframework/beans/AbstractNestablePropertyAccessor$PropertyTokenHolder;Lorg/springframework/beans/PropertyValue;)V+19
j  org.springframework.beans.AbstractNestablePropertyAccessor.setPropertyValue(Lorg/springframework/beans/PropertyValue;)V+118
j  org.springframework.beans.AbstractPropertyAccessor.setPropertyValues(Lorg/springframework/beans/PropertyValues;ZZ)V+74
j  org.springframework.validation.DataBinder.applyPropertyValues(Lorg/springframework/beans/MutablePropertyValues;)V+13
j  org.springframework.validation.DataBinder.doBind(Lorg/springframework/beans/MutablePropertyValues;)V+12
j  org.springframework.web.bind.WebDataBinder.doBind(Lorg/springframework/beans/MutablePropertyValues;)V+17
j  org.springframework.web.bind.ServletRequestDataBinder.bind(Ljavax/servlet/ServletRequest;)V+85
j  org.springframework.web.servlet.mvc.method.annotation.ServletModelAttributeMethodProcessor.bindRequestParameters(Lorg/springframework/web/bind/WebDataBinder;Lorg/springframework/web/context/request/NativeWebRequest;)V+35
j  org.springframework.web.method.annotation.ModelAttributeMethodProcessor.resolveArgument(Lorg/springframework/core/MethodParameter;Lorg/springframework/web/method/support/ModelAndViewContainer;Lorg/springframework/web/context/request/NativeWebRequest;Lorg/springframework/web/bind/support/WebDataBinderFactory;)Ljava/lang/Object;+192
j  org.springframework.web.method.support.HandlerMethodArgumentResolverComposite.resolveArgument(Lorg/springframework/core/MethodParameter;Lorg/springframework/web/method/support/ModelAndViewContainer;Lorg/springframework/web/context/request/NativeWebRequest;Lorg/springframework/web/bind/support/WebDataBinderFactory;)Ljava/lang/Object;+57
j  org.springframework.web.method.support.InvocableHandlerMethod.getMethodArgumentValues(Lorg/springframework/web/context/request/NativeWebRequest;Lorg/springframework/web/method/support/ModelAndViewContainer;[Ljava/lang/Object;)[Ljava/lang/Object;+118
j  org.springframework.web.method.support.InvocableHandlerMethod.invokeForRequest(Lorg/springframework/web/context/request/NativeWebRequest;Lorg/springframework/web/method/support/ModelAndViewContainer;[Ljava/lang/Object;)Ljava/lang/Object;+4
j  org.springframework.web.servlet.mvc.method.annotation.ServletInvocableHandlerMethod.invokeAndHandle(Lorg/springframework/web/context/request/ServletWebRequest;Lorg/springframework/web/method/support/ModelAndViewContainer;[Ljava/lang/Object;)V+4
j  org.springframework.web.servlet.mvc.method.annotation.RequestMappingHandlerAdapter.invokeHandlerMethod(Ljavax/servlet/http/HttpServletRequest;Ljavax/servlet/http/HttpServletResponse;Lorg/springframework/web/method/HandlerMethod;)Lorg/springframework/web/servlet/ModelAndView;+244
j  org.springframework.web.servlet.mvc.method.annotation.RequestMappingHandlerAdapter.handleInternal(Ljavax/servlet/http/HttpServletRequest;Ljavax/servlet/http/HttpServletResponse;Lorg/springframework/web/method/HandlerMethod;)Lorg/springframework/web/servlet/ModelAndView;+81
j  org.springframework.web.servlet.mvc.method.AbstractHandlerMethodAdapter.handle(Ljavax/servlet/http/HttpServletRequest;Ljavax/servlet/http/HttpServletResponse;Ljava/lang/Object;)Lorg/springframework/web/servlet/ModelAndView;+7
j  org.springframework.web.servlet.DispatcherServlet.doDispatch(Ljavax/servlet/http/HttpServletRequest;Ljavax/servlet/http/HttpServletResponse;)V+257
j  org.springframework.web.servlet.DispatcherServlet.doService(Ljavax/servlet/http/HttpServletRequest;Ljavax/servlet/http/HttpServletResponse;)V+241
j  org.springframework.web.servlet.FrameworkServlet.processRequest(Ljavax/servlet/http/HttpServletRequest;Ljavax/servlet/http/HttpServletResponse;)V+71
j  org.springframework.web.servlet.FrameworkServlet.doGet(Ljavax/servlet/http/HttpServletRequest;Ljavax/servlet/http/HttpServletResponse;)V+3
j  javax.servlet.http.HttpServlet.service(Ljavax/servlet/http/HttpServletRequest;Ljavax/servlet/http/HttpServletResponse;)V+35
j  org.springframework.web.servlet.FrameworkServlet.service(Ljavax/servlet/http/HttpServletRequest;Ljavax/servlet/http/HttpServletResponse;)V+33
j  javax.servlet.http.HttpServlet.service(Ljavax/servlet/ServletRequest;Ljavax/servlet/ServletResponse;)V+36
j  org.apache.catalina.core.ApplicationFilterChain.internalDoFilter(Ljavax/servlet/ServletRequest;Ljavax/servlet/ServletResponse;)V+304
j  org.apache.catalina.core.ApplicationFilterChain.doFilter(Ljavax/servlet/ServletRequest;Ljavax/servlet/ServletResponse;)V+99
j  org.apache.tomcat.websocket.server.WsFilter.doFilter(Ljavax/servlet/ServletRequest;Ljavax/servlet/ServletResponse;Ljavax/servlet/FilterChain;)V+21
j  org.apache.catalina.core.ApplicationFilterChain.internalDoFilter(Ljavax/servlet/ServletRequest;Ljavax/servlet/ServletResponse;)V+135
j  org.apache.catalina.core.ApplicationFilterChain.doFilter(Ljavax/servlet/ServletRequest;Ljavax/servlet/ServletResponse;)V+99
j  org.springframework.web.filter.RequestContextFilter.doFilterInternal(Ljavax/servlet/http/HttpServletRequest;Ljavax/servlet/http/HttpServletResponse;Ljavax/servlet/FilterChain;)V+21
j  org.springframework.web.filter.OncePerRequestFilter.doFilter(Ljavax/servlet/ServletRequest;Ljavax/servlet/ServletResponse;Ljavax/servlet/FilterChain;)V+147
j  org.apache.catalina.core.ApplicationFilterChain.internalDoFilter(Ljavax/servlet/ServletRequest;Ljavax/servlet/ServletResponse;)V+135
j  org.apache.catalina.core.ApplicationFilterChain.doFilter(Ljavax/servlet/ServletRequest;Ljavax/servlet/ServletResponse;)V+99
j  org.springframework.web.filter.FormContentFilter.doFilterInternal(Ljavax/servlet/http/HttpServletRequest;Ljavax/servlet/http/HttpServletResponse;Ljavax/servlet/FilterChain;)V+38
j  org.springframework.web.filter.OncePerRequestFilter.doFilter(Ljavax/servlet/ServletRequest;Ljavax/servlet/ServletResponse;Ljavax/servlet/FilterChain;)V+147
j  org.apache.catalina.core.ApplicationFilterChain.internalDoFilter(Ljavax/servlet/ServletRequest;Ljavax/servlet/ServletResponse;)V+135
j  org.apache.catalina.core.ApplicationFilterChain.doFilter(Ljavax/servlet/ServletRequest;Ljavax/servlet/ServletResponse;)V+99
j  org.springframework.web.filter.CharacterEncodingFilter.doFilterInternal(Ljavax/servlet/http/HttpServletRequest;Ljavax/servlet/http/HttpServletResponse;Ljavax/servlet/FilterChain;)V+53
j  org.springframework.web.filter.OncePerRequestFilter.doFilter(Ljavax/servlet/ServletRequest;Ljavax/servlet/ServletResponse;Ljavax/servlet/FilterChain;)V+147
j  org.apache.catalina.core.ApplicationFilterChain.internalDoFilter(Ljavax/servlet/ServletRequest;Ljavax/servlet/ServletResponse;)V+135
j  org.apache.catalina.core.ApplicationFilterChain.doFilter(Ljavax/servlet/ServletRequest;Ljavax/servlet/ServletResponse;)V+99
j  org.apache.catalina.core.StandardWrapperValve.invoke(Lorg/apache/catalina/connector/Request;Lorg/apache/catalina/connector/Response;)V+694
j  org.apache.catalina.core.StandardContextValve.invoke(Lorg/apache/catalina/connector/Request;Lorg/apache/catalina/connector/Response;)V+169
j  org.apache.catalina.authenticator.AuthenticatorBase.invoke(Lorg/apache/catalina/connector/Request;Lorg/apache/catalina/connector/Response;)V+260
j  org.apache.catalina.core.StandardHostValve.invoke(Lorg/apache/catalina/connector/Request;Lorg/apache/catalina/connector/Response;)V+128
j  org.apache.catalina.valves.ErrorReportValve.invoke(Lorg/apache/catalina/connector/Request;Lorg/apache/catalina/connector/Response;)V+6
j  org.apache.catalina.core.StandardEngineValve.invoke(Lorg/apache/catalina/connector/Request;Lorg/apache/catalina/connector/Response;)V+59
j  org.apache.catalina.connector.CoyoteAdapter.service(Lorg/apache/coyote/Request;Lorg/apache/coyote/Response;)V+199
j  org.apache.coyote.http11.Http11Processor.service(Lorg/apache/tomcat/util/net/SocketWrapperBase;)Lorg/apache/tomcat/util/net/AbstractEndpoint$Handler$SocketState;+737
j  org.apache.coyote.AbstractProcessorLight.process(Lorg/apache/tomcat/util/net/SocketWrapperBase;Lorg/apache/tomcat/util/net/SocketEvent;)Lorg/apache/tomcat/util/net/AbstractEndpoint$Handler$SocketState;+170
j  org.apache.coyote.AbstractProtocol$ConnectionHandler.process(Lorg/apache/tomcat/util/net/SocketWrapperBase;Lorg/apache/tomcat/util/net/SocketEvent;)Lorg/apache/tomcat/util/net/AbstractEndpoint$Handler$SocketState;+505
j  org.apache.tomcat.util.net.NioEndpoint$SocketProcessor.doRun()V+216
j  org.apache.tomcat.util.net.SocketProcessorBase.run()V+21
j  java.util.concurrent.ThreadPoolExecutor.runWorker(Ljava/util/concurrent/ThreadPoolExecutor$Worker;)V+95
j  java.util.concurrent.ThreadPoolExecutor$Worker.run()V+5
j  org.apache.tomcat.util.threads.TaskThread$WrappingRunnable.run()V+4
j  java.lang.Thread.run()V+11
v  ~StubRoutines::call_stub

---------------  P R O C E S S  ---------------

Java Threads: ( => current thread )
  0x00000000194ce800 JavaThread "RMI TCP Connection(idle)" daemon [_thread_blocked, id=4076, stack(0x00000000209e0000,0x0000000020ae0000)]
  0x00000000194cd000 JavaThread "http-nio-8080-Acceptor" daemon [_thread_in_native, id=9048, stack(0x00000000207e0000,0x00000000208e0000)]
  0x00000000194cc800 JavaThread "http-nio-8080-ClientPoller" daemon [_thread_in_native, id=7640, stack(0x00000000206e0000,0x00000000207e0000)]
  0x00000000194cb000 JavaThread "http-nio-8080-exec-10" daemon [_thread_blocked, id=3704, stack(0x00000000205e0000,0x00000000206e0000)]
  0x00000000194c9800 JavaThread "http-nio-8080-exec-9" daemon [_thread_blocked, id=1124, stack(0x00000000204e0000,0x00000000205e0000)]
  0x00000000194cb800 JavaThread "http-nio-8080-exec-8" daemon [_thread_blocked, id=9412, stack(0x00000000203e0000,0x00000000204e0000)]
  0x00000000194c1800 JavaThread "http-nio-8080-exec-7" daemon [_thread_blocked, id=4120, stack(0x00000000202e0000,0x00000000203e0000)]
  0x00000000194c7000 JavaThread "http-nio-8080-exec-6" daemon [_thread_blocked, id=9492, stack(0x00000000201e0000,0x00000000202e0000)]
  0x00000000194c4000 JavaThread "http-nio-8080-exec-5" daemon [_thread_blocked, id=10676, stack(0x00000000200e0000,0x00000000201e0000)]
  0x00000000194c2800 JavaThread "http-nio-8080-exec-4" daemon [_thread_blocked, id=10096, stack(0x000000001ffe0000,0x00000000200e0000)]
  0x00000000194c4800 JavaThread "http-nio-8080-exec-3" daemon [_thread_blocked, id=6384, stack(0x000000001fee0000,0x000000001ffe0000)]
=>0x00000000194c8800 JavaThread "http-nio-8080-exec-2" daemon [_thread_in_vm, id=5488, stack(0x000000001fde0000,0x000000001fee0000)]
  0x00000000194c0000 JavaThread "http-nio-8080-exec-1" daemon [_thread_blocked, id=2732, stack(0x000000001fce0000,0x000000001fde0000)]
  0x00000000194c3000 JavaThread "http-nio-8080-BlockPoller" daemon [_thread_in_native, id=5516, stack(0x000000001fbe0000,0x000000001fce0000)]
  0x00000000194c6000 JavaThread "File Watcher" daemon [_thread_blocked, id=9228, stack(0x000000001d810000,0x000000001d910000)]
  0x00000000194c1000 JavaThread "HikariPool-5 housekeeper" daemon [_thread_blocked, id=7428, stack(0x000000001d410000,0x000000001d510000)]
  0x000000001b977800 JavaThread "container-0" [_thread_blocked, id=4656, stack(0x000000001cf10000,0x000000001d010000)]
  0x000000001b973000 JavaThread "Catalina-utility-2" [_thread_blocked, id=6764, stack(0x000000001c210000,0x000000001c310000)]
  0x000000001b973800 JavaThread "Catalina-utility-1" [_thread_blocked, id=956, stack(0x000000001ad40000,0x000000001ae40000)]
  0x00000000194ca000 JavaThread "DestroyJavaVM" [_thread_blocked, id=5876, stack(0x0000000002330000,0x0000000002430000)]
  0x000000001b970800 JavaThread "Live Reload Server" daemon [_thread_in_native, id=6976, stack(0x000000001fae0000,0x000000001fbe0000)]
  0x000000001b976800 JavaThread "mysql-cj-abandoned-connection-cleanup" daemon [_thread_blocked, id=8648, stack(0x000000001d010000,0x000000001d110000)]
  0x0000000018de5800 JavaThread "JMX server connection timeout 20" daemon [_thread_blocked, id=11152, stack(0x000000001aa40000,0x000000001ab40000)]
  0x0000000019404000 JavaThread "RMI Scheduler(0)" daemon [_thread_blocked, id=1312, stack(0x000000001a640000,0x000000001a740000)]
  0x0000000019500800 JavaThread "RMI TCP Accept-0" daemon [_thread_in_native, id=11212, stack(0x0000000019ce0000,0x0000000019de0000)]
  0x00000000194fe000 JavaThread "RMI TCP Accept-57560" daemon [_thread_in_native, id=9568, stack(0x0000000019be0000,0x0000000019ce0000)]
  0x00000000194f0000 JavaThread "RMI TCP Accept-0" daemon [_thread_in_native, id=10224, stack(0x0000000019ae0000,0x0000000019be0000)]
  0x0000000018ad1000 JavaThread "Service Thread" daemon [_thread_blocked, id=9624, stack(0x0000000018ea0000,0x0000000018fa0000)]
  0x0000000017186000 JavaThread "C1 CompilerThread2" daemon [_thread_blocked, id=4752, stack(0x00000000189a0000,0x0000000018aa0000)]
  0x0000000017140800 JavaThread "C2 CompilerThread1" daemon [_thread_blocked, id=1728, stack(0x00000000188a0000,0x00000000189a0000)]
  0x000000001713e800 JavaThread "C2 CompilerThread0" daemon [_thread_blocked, id=2364, stack(0x00000000187a0000,0x00000000188a0000)]
  0x000000001713d800 JavaThread "Attach Listener" daemon [_thread_blocked, id=9096, stack(0x00000000186a0000,0x00000000187a0000)]
  0x000000001713c800 JavaThread "Signal Dispatcher" daemon [_thread_blocked, id=736, stack(0x00000000185a0000,0x00000000186a0000)]
  0x000000000253a000 JavaThread "Finalizer" daemon [_thread_blocked, id=5920, stack(0x0000000018380000,0x0000000018480000)]
  0x000000001711a000 JavaThread "Reference Handler" daemon [_thread_blocked, id=10452, stack(0x0000000018280000,0x0000000018380000)]

Other Threads:
  0x00000000170f6800 VMThread [stack: 0x0000000018180000,0x0000000018280000] [id=3644]
  0x0000000019502800 WatcherThread [stack: 0x0000000019f40000,0x000000001a040000] [id=10460]

VM state:not at safepoint (normal execution)

VM Mutex/Monitor currently owned by a thread: None

heap address: 0x0000000080c00000, size: 2036 MB, Compressed Oops mode: 32-bit
Narrow klass base: 0x0000000000000000, Narrow klass shift: 3
Compressed class space size: 1073741824 Address: 0x0000000100000000

Heap:
 PSYoungGen      total 326144K, used 197613K [0x00000000d5980000, 0x00000000eaa00000, 0x0000000100000000)
  eden space 307712K, 64% used [0x00000000d5980000,0x00000000e1a7b670,0x00000000e8600000)
  from space 18432K, 0% used [0x00000000e9800000,0x00000000e9800000,0x00000000eaa00000)
  to   space 18432K, 0% used [0x00000000e8600000,0x00000000e8600000,0x00000000e9800000)
 ParOldGen       total 114176K, used 28907K [0x0000000080c00000, 0x0000000087b80000, 0x00000000d5980000)
  object space 114176K, 25% used [0x0000000080c00000,0x000000008283ad30,0x0000000087b80000)
 Metaspace       used 61883K, capacity 66087K, committed 66224K, reserved 1105920K
  class space    used 8884K, capacity 9607K, committed 9648K, reserved 1048576K

Card table byte_map: [0x0000000011910000,0x0000000011d10000] byte_map_base: 0x000000001150a000

Marking Bits: (ParMarkBitMap*) 0x00000000655b4ce0
 Begin Bits: [0x00000000123c0000, 0x0000000014390000)
 End Bits:   [0x0000000014390000, 0x0000000016360000)

Polling page: 0x0000000000780000

CodeCache: size=245760Kb used=13286Kb max_used=13286Kb free=232473Kb
 bounds [0x0000000002550000, 0x0000000003250000, 0x0000000011550000]
 total_blobs=7906 nmethods=7327 adapters=490
 compilation: enabled

Compilation events (10 events):
Event: 2330.856 Thread 0x0000000017186000 7424   !   1       org.apache.catalina.core.StandardContext::unbind (87 bytes)
Event: 2330.857 Thread 0x0000000017186000 nmethod 7424 0x000000000324a6d0 code [0x000000000324a8c0, 0x000000000324af38]
Event: 2367.510 Thread 0x0000000017186000 7425       1       sun.nio.ch.SelectionKeyImpl::selector (5 bytes)
Event: 2367.510 Thread 0x0000000017186000 nmethod 7425 0x000000000324b3d0 code [0x000000000324b520, 0x000000000324b630]
Event: 2367.510 Thread 0x0000000017186000 7426       1       org.apache.tomcat.util.net.NioChannel::getIOChannel (5 bytes)
Event: 2367.511 Thread 0x0000000017186000 nmethod 7426 0x000000000324b690 code [0x000000000324b7e0, 0x000000000324b8f0]
Event: 2367.512 Thread 0x0000000017186000 7428       1       org.apache.tomcat.util.buf.AbstractChunk::<init> (20 bytes)
Event: 2367.512 Thread 0x0000000017186000 nmethod 7428 0x000000000324b950 code [0x000000000324baa0, 0x000000000324bbb0]
Event: 2367.512 Thread 0x0000000017186000 7427       1       org.apache.tomcat.util.http.parser.HttpParser$DomainParseState::mayContinue (5 bytes)
Event: 2367.512 Thread 0x0000000017186000 nmethod 7427 0x000000000324bc10 code [0x000000000324bd60, 0x000000000324be70]

GC Heap History (10 events):
Event: 1307.942 GC heap before
{Heap before GC invocations=17 (full 5):
 PSYoungGen      total 326144K, used 4761K [0x00000000d5980000, 0x00000000eab00000, 0x0000000100000000)
  eden space 307712K, 0% used [0x00000000d5980000,0x00000000d5980000,0x00000000e8600000)
  from space 18432K, 25% used [0x00000000e9900000,0x00000000e9da6658,0x00000000eab00000)
  to   space 18944K, 0% used [0x00000000e8600000,0x00000000e8600000,0x00000000e9880000)
 ParOldGen       total 114176K, used 23666K [0x0000000080c00000, 0x0000000087b80000, 0x00000000d5980000)
  object space 114176K, 20% used [0x0000000080c00000,0x000000008231c970,0x0000000087b80000)
 Metaspace       used 60882K, capacity 64781K, committed 65072K, reserved 1105920K
  class space    used 8771K, capacity 9436K, committed 9520K, reserved 1048576K
Event: 1308.110 GC heap after
Heap after GC invocations=17 (full 5):
 PSYoungGen      total 326144K, used 0K [0x00000000d5980000, 0x00000000eab00000, 0x0000000100000000)
  eden space 307712K, 0% used [0x00000000d5980000,0x00000000d5980000,0x00000000e8600000)
  from space 18432K, 0% used [0x00000000e9900000,0x00000000e9900000,0x00000000eab00000)
  to   space 18944K, 0% used [0x00000000e8600000,0x00000000e8600000,0x00000000e9880000)
 ParOldGen       total 114176K, used 24170K [0x0000000080c00000, 0x0000000087b80000, 0x00000000d5980000)
  object space 114176K, 21% used [0x0000000080c00000,0x000000008239a838,0x0000000087b80000)
 Metaspace       used 60882K, capacity 64781K, committed 65072K, reserved 1105920K
  class space    used 8771K, capacity 9436K, committed 9520K, reserved 1048576K
}
Event: 1599.609 GC heap before
{Heap before GC invocations=18 (full 5):
 PSYoungGen      total 326144K, used 196370K [0x00000000d5980000, 0x00000000eab00000, 0x0000000100000000)
  eden space 307712K, 63% used [0x00000000d5980000,0x00000000e1944bb0,0x00000000e8600000)
  from space 18432K, 0% used [0x00000000e9900000,0x00000000e9900000,0x00000000eab00000)
  to   space 18944K, 0% used [0x00000000e8600000,0x00000000e8600000,0x00000000e9880000)
 ParOldGen       total 114176K, used 24170K [0x0000000080c00000, 0x0000000087b80000, 0x00000000d5980000)
  object space 114176K, 21% used [0x0000000080c00000,0x000000008239a838,0x0000000087b80000)
 Metaspace       used 61242K, capacity 65321K, committed 65584K, reserved 1105920K
  class space    used 8814K, capacity 9503K, committed 9520K, reserved 1048576K
Event: 1599.615 GC heap after
Heap after GC invocations=18 (full 5):
 PSYoungGen      total 312832K, used 4736K [0x00000000d5980000, 0x00000000eaa00000, 0x0000000100000000)
  eden space 307712K, 0% used [0x00000000d5980000,0x00000000d5980000,0x00000000e8600000)
  from space 5120K, 92% used [0x00000000e8600000,0x00000000e8aa01d0,0x00000000e8b00000)
  to   space 18432K, 0% used [0x00000000e9800000,0x00000000e9800000,0x00000000eaa00000)
 ParOldGen       total 114176K, used 24178K [0x0000000080c00000, 0x0000000087b80000, 0x00000000d5980000)
  object space 114176K, 21% used [0x0000000080c00000,0x000000008239c838,0x0000000087b80000)
 Metaspace       used 61242K, capacity 65321K, committed 65584K, reserved 1105920K
  class space    used 8814K, capacity 9503K, committed 9520K, reserved 1048576K
}
Event: 1599.615 GC heap before
{Heap before GC invocations=19 (full 6):
 PSYoungGen      total 312832K, used 4736K [0x00000000d5980000, 0x00000000eaa00000, 0x0000000100000000)
  eden space 307712K, 0% used [0x00000000d5980000,0x00000000d5980000,0x00000000e8600000)
  from space 5120K, 92% used [0x00000000e8600000,0x00000000e8aa01d0,0x00000000e8b00000)
  to   space 18432K, 0% used [0x00000000e9800000,0x00000000e9800000,0x00000000eaa00000)
 ParOldGen       total 114176K, used 24178K [0x0000000080c00000, 0x0000000087b80000, 0x00000000d5980000)
  object space 114176K, 21% used [0x0000000080c00000,0x000000008239c838,0x0000000087b80000)
 Metaspace       used 61242K, capacity 65321K, committed 65584K, reserved 1105920K
  class space    used 8814K, capacity 9503K, committed 9520K, reserved 1048576K
Event: 1599.816 GC heap after
Heap after GC invocations=19 (full 6):
 PSYoungGen      total 312832K, used 0K [0x00000000d5980000, 0x00000000eaa00000, 0x0000000100000000)
  eden space 307712K, 0% used [0x00000000d5980000,0x00000000d5980000,0x00000000e8600000)
  from space 5120K, 0% used [0x00000000e8600000,0x00000000e8600000,0x00000000e8b00000)
  to   space 18432K, 0% used [0x00000000e9800000,0x00000000e9800000,0x00000000eaa00000)
 ParOldGen       total 114176K, used 26531K [0x0000000080c00000, 0x0000000087b80000, 0x00000000d5980000)
  object space 114176K, 23% used [0x0000000080c00000,0x00000000825e8f00,0x0000000087b80000)
 Metaspace       used 61242K, capacity 65321K, committed 65584K, reserved 1105920K
  class space    used 8814K, capacity 9503K, committed 9520K, reserved 1048576K
}
Event: 1949.955 GC heap before
{Heap before GC invocations=20 (full 6):
 PSYoungGen      total 312832K, used 195761K [0x00000000d5980000, 0x00000000eaa00000, 0x0000000100000000)
  eden space 307712K, 63% used [0x00000000d5980000,0x00000000e18ac658,0x00000000e8600000)
  from space 5120K, 0% used [0x00000000e8600000,0x00000000e8600000,0x00000000e8b00000)
  to   space 18432K, 0% used [0x00000000e9800000,0x00000000e9800000,0x00000000eaa00000)
 ParOldGen       total 114176K, used 26531K [0x0000000080c00000, 0x0000000087b80000, 0x00000000d5980000)
  object space 114176K, 23% used [0x0000000080c00000,0x00000000825e8f00,0x0000000087b80000)
 Metaspace       used 61590K, capacity 65771K, committed 65968K, reserved 1105920K
  class space    used 8855K, capacity 9567K, committed 9648K, reserved 1048576K
Event: 1949.960 GC heap after
Heap after GC invocations=20 (full 6):
 PSYoungGen      total 326144K, used 4737K [0x00000000d5980000, 0x00000000eaa00000, 0x0000000100000000)
  eden space 307712K, 0% used [0x00000000d5980000,0x00000000d5980000,0x00000000e8600000)
  from space 18432K, 25% used [0x00000000e9800000,0x00000000e9ca0758,0x00000000eaa00000)
  to   space 18432K, 0% used [0x00000000e8600000,0x00000000e8600000,0x00000000e9800000)
 ParOldGen       total 114176K, used 26539K [0x0000000080c00000, 0x0000000087b80000, 0x00000000d5980000)
  object space 114176K, 23% used [0x0000000080c00000,0x00000000825eaf00,0x0000000087b80000)
 Metaspace       used 61590K, capacity 65771K, committed 65968K, reserved 1105920K
  class space    used 8855K, capacity 9567K, committed 9648K, reserved 1048576K
}
Event: 1949.960 GC heap before
{Heap before GC invocations=21 (full 7):
 PSYoungGen      total 326144K, used 4737K [0x00000000d5980000, 0x00000000eaa00000, 0x0000000100000000)
  eden space 307712K, 0% used [0x00000000d5980000,0x00000000d5980000,0x00000000e8600000)
  from space 18432K, 25% used [0x00000000e9800000,0x00000000e9ca0758,0x00000000eaa00000)
  to   space 18432K, 0% used [0x00000000e8600000,0x00000000e8600000,0x00000000e9800000)
 ParOldGen       total 114176K, used 26539K [0x0000000080c00000, 0x0000000087b80000, 0x00000000d5980000)
  object space 114176K, 23% used [0x0000000080c00000,0x00000000825eaf00,0x0000000087b80000)
 Metaspace       used 61590K, capacity 65771K, committed 65968K, reserved 1105920K
  class space    used 8855K, capacity 9567K, committed 9648K, reserved 1048576K
Event: 1950.116 GC heap after
Heap after GC invocations=21 (full 7):
 PSYoungGen      total 326144K, used 0K [0x00000000d5980000, 0x00000000eaa00000, 0x0000000100000000)
  eden space 307712K, 0% used [0x00000000d5980000,0x00000000d5980000,0x00000000e8600000)
  from space 18432K, 0% used [0x00000000e9800000,0x00000000e9800000,0x00000000eaa00000)
  to   space 18432K, 0% used [0x00000000e8600000,0x00000000e8600000,0x00000000e9800000)
 ParOldGen       total 114176K, used 28907K [0x0000000080c00000, 0x0000000087b80000, 0x00000000d5980000)
  object space 114176K, 25% used [0x0000000080c00000,0x000000008283ad30,0x0000000087b80000)
 Metaspace       used 61590K, capacity 65771K, committed 65968K, reserved 1105920K
  class space    used 8855K, capacity 9567K, committed 9648K, reserved 1048576K
}

Deoptimization events (0 events):
No events

Classes redefined (0 events):
No events

Internal exceptions (10 events):
Event: 1950.808 Thread 0x000000001b975000 Exception <a 'java/lang/ArrayIndexOutOfBoundsException'> (0x00000000ddf05d70) thrown at [C:\re\workspace\8-2-build-windows-amd64-cygwin\jdk8u201\12322\hotspot\src\share\vm\runtime\sharedRuntime.cpp, line 605]
Event: 1950.820 Thread 0x000000001b975000 Exception <a 'java/lang/ArrayIndexOutOfBoundsException'> (0x00000000de075d20) thrown at [C:\re\workspace\8-2-build-windows-amd64-cygwin\jdk8u201\12322\hotspot\src\share\vm\runtime\sharedRuntime.cpp, line 605]
Event: 1950.823 Thread 0x000000001b975000 Exception <a 'java/lang/ArrayIndexOutOfBoundsException'> (0x00000000de0b6ae8) thrown at [C:\re\workspace\8-2-build-windows-amd64-cygwin\jdk8u201\12322\hotspot\src\share\vm\runtime\sharedRuntime.cpp, line 605]
Event: 1950.824 Thread 0x000000001b975000 Exception <a 'java/lang/ArrayIndexOutOfBoundsException'> (0x00000000de0d0a60) thrown at [C:\re\workspace\8-2-build-windows-amd64-cygwin\jdk8u201\12322\hotspot\src\share\vm\runtime\sharedRuntime.cpp, line 605]
Event: 1950.825 Thread 0x000000001b975000 Exception <a 'java/lang/ArrayIndexOutOfBoundsException'> (0x00000000de0d8568) thrown at [C:\re\workspace\8-2-build-windows-amd64-cygwin\jdk8u201\12322\hotspot\src\share\vm\runtime\sharedRuntime.cpp, line 605]
Event: 1950.825 Thread 0x000000001b975000 Exception <a 'java/lang/ArrayIndexOutOfBoundsException'> (0x00000000de0dd2c8) thrown at [C:\re\workspace\8-2-build-windows-amd64-cygwin\jdk8u201\12322\hotspot\src\share\vm\runtime\sharedRuntime.cpp, line 605]
Event: 1950.825 Thread 0x000000001b975000 Exception <a 'java/lang/ArrayIndexOutOfBoundsException'> (0x00000000de0eb9d8) thrown at [C:\re\workspace\8-2-build-windows-amd64-cygwin\jdk8u201\12322\hotspot\src\share\vm\runtime\sharedRuntime.cpp, line 605]
Event: 1950.826 Thread 0x000000001b975000 Exception <a 'java/lang/ArrayIndexOutOfBoundsException'> (0x00000000de10c700) thrown at [C:\re\workspace\8-2-build-windows-amd64-cygwin\jdk8u201\12322\hotspot\src\share\vm\runtime\sharedRuntime.cpp, line 605]
Event: 1950.883 Thread 0x000000001b975000 Exception <a 'java/lang/ArrayIndexOutOfBoundsException'> (0x00000000de6c2420) thrown at [C:\re\workspace\8-2-build-windows-amd64-cygwin\jdk8u201\12322\hotspot\src\share\vm\runtime\sharedRuntime.cpp, line 605]
Event: 1950.914 Thread 0x000000001b975000 Exception <a 'java/lang/ArrayIndexOutOfBoundsException'> (0x00000000dea78dd8) thrown at [C:\re\workspace\8-2-build-windows-amd64-cygwin\jdk8u201\12322\hotspot\src\share\vm\runtime\sharedRuntime.cpp, line 605]

Events (10 events):
Event: 2367.512 Executing VM operation: RevokeBias
Event: 2367.513 Executing VM operation: RevokeBias done
Event: 2367.514 Executing VM operation: RevokeBias
Event: 2367.515 Executing VM operation: RevokeBias done
Event: 2367.515 Executing VM operation: RevokeBias
Event: 2367.515 Executing VM operation: RevokeBias done
Event: 2367.515 Executing VM operation: RevokeBias
Event: 2367.515 Executing VM operation: RevokeBias done
Event: 2367.515 Executing VM operation: RevokeBias
Event: 2367.515 Executing VM operation: RevokeBias done


Dynamic libraries:
0x00007ff6fc010000 - 0x00007ff6fc047000 	C:\Program Files\Java\jdk1.8.0_201\jre\bin\javaw.exe
0x00007ffebe370000 - 0x00007ffebe565000 	C:\WINDOWS\SYSTEM32\ntdll.dll
0x00007ffebe270000 - 0x00007ffebe32d000 	C:\WINDOWS\System32\KERNEL32.DLL
0x00007ffebc100000 - 0x00007ffebc3c8000 	C:\WINDOWS\System32\KERNELBASE.dll
0x00007ffebdfc0000 - 0x00007ffebe06c000 	C:\WINDOWS\System32\ADVAPI32.dll
0x00007ffebc980000 - 0x00007ffebca1e000 	C:\WINDOWS\System32\msvcrt.dll
0x00007ffebcaa0000 - 0x00007ffebcb3b000 	C:\WINDOWS\System32\sechost.dll
0x00007ffebde90000 - 0x00007ffebdfbb000 	C:\WINDOWS\System32\RPCRT4.dll
0x00007ffebd000000 - 0x00007ffebd1a0000 	C:\WINDOWS\System32\USER32.dll
0x00007ffebbcb0000 - 0x00007ffebbcd2000 	C:\WINDOWS\System32\win32u.dll
0x00007ffebde60000 - 0x00007ffebde8a000 	C:\WINDOWS\System32\GDI32.dll
0x00007ffebbe70000 - 0x00007ffebbf7b000 	C:\WINDOWS\System32\gdi32full.dll
0x00007ffebbc10000 - 0x00007ffebbcad000 	C:\WINDOWS\System32\msvcp_win.dll
0x00007ffebbf80000 - 0x00007ffebc080000 	C:\WINDOWS\System32\ucrtbase.dll
0x00007ffea1c90000 - 0x00007ffea1f2a000 	C:\WINDOWS\WinSxS\amd64_microsoft.windows.common-controls_6595b64144ccf1df_6.0.19041.844_none_ca00b6081b84eb1d\COMCTL32.dll
0x00007ffebcb40000 - 0x00007ffebcb70000 	C:\WINDOWS\System32\IMM32.DLL
0x0000000065640000 - 0x0000000065711000 	C:\Program Files\Java\jdk1.8.0_201\jre\bin\msvcr100.dll
0x0000000064d90000 - 0x0000000065634000 	C:\Program Files\Java\jdk1.8.0_201\jre\bin\server\jvm.dll
0x00007ffebd980000 - 0x00007ffebd988000 	C:\WINDOWS\System32\PSAPI.DLL
0x00007ffea4920000 - 0x00007ffea4947000 	C:\WINDOWS\SYSTEM32\WINMM.dll
0x00007ffeb1740000 - 0x00007ffeb174a000 	C:\WINDOWS\SYSTEM32\VERSION.dll
0x00007ffeb76e0000 - 0x00007ffeb76e9000 	C:\WINDOWS\SYSTEM32\WSOCK32.dll
0x00007ffebc5d0000 - 0x00007ffebc63b000 	C:\WINDOWS\System32\WS2_32.dll
0x00007ffeb7770000 - 0x00007ffeb777f000 	C:\Program Files\Java\jdk1.8.0_201\jre\bin\verify.dll
0x00007ffea9db0000 - 0x00007ffea9dd9000 	C:\Program Files\Java\jdk1.8.0_201\jre\bin\java.dll
0x00007ffeb1c30000 - 0x00007ffeb1c46000 	C:\Program Files\Java\jdk1.8.0_201\jre\bin\zip.dll
0x00007ffebd230000 - 0x00007ffebd972000 	C:\WINDOWS\System32\SHELL32.dll
0x00007ffeb9be0000 - 0x00007ffeba370000 	C:\WINDOWS\SYSTEM32\windows.storage.dll
0x00007ffebcc20000 - 0x00007ffebcf75000 	C:\WINDOWS\System32\combase.dll
0x00007ffebb380000 - 0x00007ffebb3ac000 	C:\WINDOWS\SYSTEM32\Wldp.dll
0x00007ffebe090000 - 0x00007ffebe13e000 	C:\WINDOWS\System32\SHCORE.dll
0x00007ffebde00000 - 0x00007ffebde55000 	C:\WINDOWS\System32\shlwapi.dll
0x00007ffebb9f0000 - 0x00007ffebba0f000 	C:\WINDOWS\SYSTEM32\profapi.dll
0x00007ffeb7760000 - 0x00007ffeb776d000 	C:\Program Files\Java\jdk1.8.0_201\jre\bin\management.dll
0x00007ffea9d90000 - 0x00007ffea9daa000 	C:\Program Files\Java\jdk1.8.0_201\jre\bin\net.dll
0x00007ffeaeab0000 - 0x00007ffeaec9e000 	C:\WINDOWS\SYSTEM32\urlmon.dll
0x00007ffeae3e0000 - 0x00007ffeae690000 	C:\WINDOWS\SYSTEM32\iertutil.dll
0x00007ffebb160000 - 0x00007ffebb1ca000 	C:\WINDOWS\system32\mswsock.dll
0x00007ffea9b60000 - 0x00007ffea9b71000 	C:\Program Files\Java\jdk1.8.0_201\jre\bin\nio.dll
0x00007ffeab330000 - 0x00007ffeab347000 	C:\WINDOWS\system32\napinsp.dll
0x00007ffeab310000 - 0x00007ffeab32b000 	C:\WINDOWS\system32\pnrpnsp.dll
0x00007ffeab250000 - 0x00007ffeab265000 	C:\WINDOWS\system32\wshbth.dll
0x00007ffeb7650000 - 0x00007ffeb766d000 	C:\WINDOWS\system32\NLAapi.dll
0x00007ffebae70000 - 0x00007ffebaeab000 	C:\WINDOWS\SYSTEM32\IPHLPAPI.DLL
0x00007ffebaeb0000 - 0x00007ffebaf7c000 	C:\WINDOWS\SYSTEM32\DNSAPI.dll
0x00007ffebe080000 - 0x00007ffebe088000 	C:\WINDOWS\System32\NSI.dll
0x00007ffeab2d0000 - 0x00007ffeab2e2000 	C:\WINDOWS\System32\winrnr.dll
0x00007ffeb3280000 - 0x00007ffeb328a000 	C:\Windows\System32\rasadhlp.dll
0x00007ffeb5f10000 - 0x00007ffeb5f8f000 	C:\WINDOWS\System32\fwpuclnt.dll
0x00007ffebbce0000 - 0x00007ffebbd07000 	C:\WINDOWS\System32\bcrypt.dll
0x00007ffebb710000 - 0x00007ffebb728000 	C:\WINDOWS\SYSTEM32\CRYPTSP.dll
0x00007ffebab20000 - 0x00007ffebab54000 	C:\WINDOWS\system32\rsaenh.dll
0x00007ffebb9b0000 - 0x00007ffebb9de000 	C:\WINDOWS\SYSTEM32\USERENV.dll
0x00007ffebc080000 - 0x00007ffebc100000 	C:\WINDOWS\System32\bcryptprimitives.dll
0x00007ffebb2e0000 - 0x00007ffebb2ec000 	C:\WINDOWS\SYSTEM32\CRYPTBASE.dll
0x00007ffeb51b0000 - 0x00007ffeb51c7000 	C:\WINDOWS\SYSTEM32\dhcpcsvc6.DLL
0x00007ffeb6210000 - 0x00007ffeb622d000 	C:\WINDOWS\SYSTEM32\dhcpcsvc.DLL
0x00007ffea9b30000 - 0x00007ffea9b54000 	C:\Program Files\Java\jdk1.8.0_201\jre\bin\sunec.dll
0x00007ffeaecc0000 - 0x00007ffeaeccb000 	C:\Program Files\Java\jdk1.8.0_201\jre\bin\sunmscapi.dll
0x00007ffebbab0000 - 0x00007ffebbc0f000 	C:\WINDOWS\System32\CRYPT32.dll
0x00007ffeae6b0000 - 0x00007ffeae894000 	C:\WINDOWS\SYSTEM32\dbghelp.dll

VM Arguments:
jvm_args: -Dcom.sun.management.jmxremote -Dcom.sun.management.jmxremote.port=57560 -Dcom.sun.management.jmxremote.authenticate=false -Dcom.sun.management.jmxremote.ssl=false -Djava.rmi.server.hostname=localhost -Dspring.jmx.enabled=true -Dspring.application.admin.enabled=true -XX:TieredStopAtLevel=1 -Dspring.boot.project.name=algamoney-api -Dfile.encoding=UTF-8 
java_command: com.example.algamoney.api.AlgamoneyApiApplication --spring.output.ansi.enabled=always
java_class_path (initial): E:\GITHUB\algamoney-api\target\classes;C:\Users\Usuário\.m2\repository\org\springframework\boot\spring-boot-starter-data-jpa\2.4.5\spring-boot-starter-data-jpa-2.4.5.jar;C:\Users\Usuário\.m2\repository\org\springframework\boot\spring-boot-starter-aop\2.4.5\spring-boot-starter-aop-2.4.5.jar;C:\Users\Usuário\.m2\repository\org\springframework\spring-aop\5.3.6\spring-aop-5.3.6.jar;C:\Users\Usuário\.m2\repository\org\aspectj\aspectjweaver\1.9.6\aspectjweaver-1.9.6.jar;C:\Users\Usuário\.m2\repository\org\springframework\boot\spring-boot-starter-jdbc\2.4.5\spring-boot-starter-jdbc-2.4.5.jar;C:\Users\Usuário\.m2\repository\com\zaxxer\HikariCP\3.4.5\HikariCP-3.4.5.jar;C:\Users\Usuário\.m2\repository\org\springframework\spring-jdbc\5.3.6\spring-jdbc-5.3.6.jar;C:\Users\Usuário\.m2\repository\jakarta\transaction\jakarta.transaction-api\1.3.3\jakarta.transaction-api-1.3.3.jar;C:\Users\Usuário\.m2\repository\jakarta\persistence\jakarta.persistence-api\2.2.3\jakarta.persistence-api-2.2.3.jar;C:\Users\Usuário\.m2\repository\org\hibernate\hibernate-core\5.4.30.Final\hibernate-core-5.4.30.Final.jar;C:\Users\Usuário\.m2\repository\org\javassist\javassist\3.27.0-GA\javassist-3.27.0-GA.jar;C:\Users\Usuário\.m2\repository\net\bytebuddy\byte-buddy\1.10.22\byte-buddy-1.10.22.jar;C:\Users\Usuário\.m2\repository\antlr\antlr\2.7.7\antlr-2.7.7.jar;C:\Users\Usuário\.m2\repository\org\jboss\jandex\2.2.3.Final\jandex-2.2.3.Final.jar;C:\Users\Usuário\.m2\repository\com\fasterxml\classmate\1.5.1\classmate-1.5.1.jar;C:\Users\Usuário\.m2\repository\org\dom4j\dom4j\2.1.3\dom4j-2.1.3.jar;C:\Users\Usuário\.m2\repository\org\hibernate\common\hibernate-commons-annotations\5.1.2.Final\hibernate-commons-annotations-5.1.2.Final.jar;C:\Users\Usuário\.m2\repository\org\glassfish\jaxb\jaxb-runtime\2.3.4\jaxb-runtime-2.3.4.jar;C:\Users\Usuário\.m2\repository\org\glassfish\jaxb\txw2\2.3.4\txw2-2.3.4.jar;C:\Users\Usuário\.m2\repository\com\sun\istack\istack-commons-runtime\3.0.12\ista
Launcher Type: SUN_STANDARD

Environment Variables:
PATH=E:/sts-4.10.0.RELEASE//plugins/org.eclipse.justj.openjdk.hotspot.jre.full.win32.x86_64_15.0.2.v20210201-0955/jre/bin/server;E:/sts-4.10.0.RELEASE//plugins/org.eclipse.justj.openjdk.hotspot.jre.full.win32.x86_64_15.0.2.v20210201-0955/jre/bin;C:\Program Files (x86)\Common Files\Oracle\Java\javapath;C:\Program Files (x86)\NVIDIA Corporation\PhysX\Common;C:\WINDOWS\system32;C:\WINDOWS;C:\WINDOWS\System32\Wbem;C:\WINDOWS\System32\WindowsPowerShell\v1.0\;C:\WINDOWS\System32\OpenSSH\;C:\Program Files\Git\cmd;C:\Program Files\Docker\Docker\resources\bin;C:\ProgramData\DockerDesktop\version-bin;C:\Program Files\MySQL\MySQL Shell 8.0\bin\;C:\Users\Usuário\AppData\Local\Microsoft\WindowsApps;;C:\Users\Usuário\AppData\Local\Programs\Microsoft VS Code\bin;E:\sts-4.10.0.RELEASE;
USERNAME=Usuário
OS=Windows_NT
PROCESSOR_IDENTIFIER=Intel64 Family 6 Model 42 Stepping 7, GenuineIntel



---------------  S Y S T E M  ---------------

OS: Windows 10.0 , 64 bit Build 19041 (10.0.19041.928)

CPU:total 4 (initial active 4) (4 cores per cpu, 1 threads per core) family 6 model 42 stepping 7, cmov, cx8, fxsr, mmx, sse, sse2, sse3, ssse3, sse4.1, sse4.2, popcnt, avx, aes, clmul, tsc, tscinvbit

Memory: 4k page, physical 8331324k(1356240k free), swap 11083836k(1958428k free)

vm_info: Java HotSpot(TM) 64-Bit Server VM (25.201-b09) for windows-amd64 JRE (1.8.0_201-b09), built on Dec 15 2018 18:36:39 by "java_re" with MS VC++ 10.0 (VS2010)

time: Mon May 31 16:42:47 2021
timezone: Hora oficial do Brasil
elapsed time: 2367 seconds (0d 0h 39m 27s)

